android/app/build/outputs/logs/manifest-merger-debug-report.txt
-- Merging decision tree log ---
manifest
ADDED from src/main/AndroidManifest.xml:1:1-51:12
	package
		ADDED from src/main/AndroidManifest.xml:2:5-26
		INJECTED from src/main/AndroidManifest.xml
		INJECTED from src/main/AndroidManifest.xml
	android:versionName
		INJECTED from src/main/AndroidManifest.xml
		INJECTED from src/main/AndroidManifest.xml
	xmlns:android
		ADDED from src/main/AndroidManifest.xml:1:11-69
	android:versionCode
		INJECTED from src/main/AndroidManifest.xml
		INJECTED from src/main/AndroidManifest.xml
uses-permission#android.permission.INTERNET
ADDED from src/main/AndroidManifest.xml:4:5-67
MERGED from [com.google.android.gms:play-services-gcm:12.0.1] AndroidManifest.xml:24:5-67
MERGED from [com.google.android.gms:play-services-iid:12.0.1] AndroidManifest.xml:24:5-67
	android:name
		ADDED from src/main/AndroidManifest.xml:4:22-64
uses-permission#android.permission.SYSTEM_ALERT_WINDOW
ADDED from src/main/AndroidManifest.xml:5:5-77
MERGED from [com.facebook.react:react-native:0.55.3] AndroidManifest.xml:11:5-78
	android:name
		ADDED from src/main/AndroidManifest.xml:5:22-75
uses-permission#android.permission.RECORD_AUDIO
ADDED from src/main/AndroidManifest.xml:6:5-70
	android:name
		ADDED from src/main/AndroidManifest.xml:6:22-68
uses-permission#android.permission.READ_EXTERNAL_STORAGE
ADDED from src/main/AndroidManifest.xml:7:5-80
	android:name
		ADDED from src/main/AndroidManifest.xml:7:22-77
uses-permission#android.permission.WRITE_EXTERNAL_STORAGE
ADDED from src/main/AndroidManifest.xml:8:5-81
	android:name
		ADDED from src/main/AndroidManifest.xml:8:22-78
uses-permission#android.permission.BLUETOOTH
ADDED from src/main/AndroidManifest.xml:9:5-67
MERGED from [TailPOS:react-native-bluetooth-status:unspecified] AndroidManifest.xml:11:5-68
MERGED from [TailPOS:react-native-ble-manager:unspecified] AndroidManifest.xml:7:5-68
MERGED from [TailPOS:react-native-bluetooth-serial:unspecified] AndroidManifest.xml:11:5-68
	android:name
		ADDED from src/main/AndroidManifest.xml:9:22-65
uses-permission#android.permission.BLUETOOTH_ADMIN
ADDED from src/main/AndroidManifest.xml:10:5-73
MERGED from [TailPOS:react-native-bluetooth-status:unspecified] AndroidManifest.xml:12:5-74
MERGED from [TailPOS:react-native-ble-manager:unspecified] AndroidManifest.xml:8:5-74
MERGED from [TailPOS:react-native-bluetooth-serial:unspecified] AndroidManifest.xml:12:5-74
	android:name
		ADDED from src/main/AndroidManifest.xml:10:22-71
uses-permission#android.permission.ACCESS_COARSE_LOCATION
ADDED from src/main/AndroidManifest.xml:11:5-81
MERGED from [TailPOS:react-native-ble-manager:unspecified] AndroidManifest.xml:9:5-81
	android:name
		ADDED from src/main/AndroidManifest.xml:11:22-78
uses-permission#android.permission.NFC
ADDED from src/main/AndroidManifest.xml:12:5-62
MERGED from [TailPOS:react-native-nfc-manager:unspecified] AndroidManifest.xml:9:5-62
	android:name
		ADDED from src/main/AndroidManifest.xml:12:22-59
uses-permission#android.permission.ACCESS_NETWORK_STATE
ADDED from src/main/AndroidManifest.xml:13:5-79
	android:name
		ADDED from src/main/AndroidManifest.xml:13:22-76
application
ADDED from src/main/AndroidManifest.xml:14:5-49:19
MERGED from [TailPOS:react-native-background-job:unspecified] AndroidManifest.xml:14:5-25:19
MERGED from [com.firebase:firebase-jobdispatcher:0.8.5] AndroidManifest.xml:26:5-40:19
MERGED from [TailPOS:react-native-device-info:unspecified] AndroidManifest.xml:11:5-20:19
MERGED from [com.google.android.gms:play-services-gcm:12.0.1] AndroidManifest.xml:26:5-20
MERGED from [com.google.android.gms:play-services-iid:12.0.1] AndroidManifest.xml:26:5-20
MERGED from [com.google.android.gms:play-services-iid-license:12.0.1] AndroidManifest.xml:22:5-20
MERGED from [com.google.android.gms:play-services-gcm-license:12.0.1] AndroidManifest.xml:22:5-20
MERGED from [TailPOS:react-native-splash-screen:unspecified] AndroidManifest.xml:11:5-12:19
MERGED from [TailPOS:react-native-barcode-scanner-google:unspecified] AndroidManifest.xml:13:5-17:19
MERGED from [com.google.android.gms:play-services-vision:12.0.1] AndroidManifest.xml:7:5-20
MERGED from [com.google.android.gms:play-services-vision-common:12.0.1] AndroidManifest.xml:7:5-20
MERGED from [com.google.android.gms:play-services-base:12.0.1] AndroidManifest.xml:22:5-27:19
MERGED from [com.google.android.gms:play-services-tasks:12.0.1] AndroidManifest.xml:7:5-20
MERGED from [com.google.android.gms:play-services-tasks-license:12.0.1] AndroidManifest.xml:22:5-20
MERGED from [com.google.android.gms:play-services-base-license:12.0.1] AndroidManifest.xml:22:5-20
MERGED from [com.google.android.gms:play-services-basement:12.0.1] AndroidManifest.xml:22:5-26:19
MERGED from [com.google.android.gms:play-services-basement-license:12.0.1] AndroidManifest.xml:22:5-20
MERGED from [com.google.android.gms:play-services-vision-common-license:12.0.1] AndroidManifest.xml:22:5-20
MERGED from [com.google.android.gms:play-services-vision-license:12.0.1] AndroidManifest.xml:22:5-20
MERGED from [com.facebook.react:react-native:0.55.3] AndroidManifest.xml:13:5-20
MERGED from [com.android.support:appcompat-v7:23.0.1] AndroidManifest.xml:22:5-20
MERGED from [com.facebook.soloader:soloader:0.1.0] AndroidManifest.xml:3:3-17
MERGED from [org.webkit:android-jsc:r174650] AndroidManifest.xml:2:3-17
	android:label
		ADDED from src/main/AndroidManifest.xml:16:7-39
	android:allowBackup
		ADDED from src/main/AndroidManifest.xml:18:7-34
	android:icon
		ADDED from src/main/AndroidManifest.xml:17:7-41
	android:theme
		ADDED from src/main/AndroidManifest.xml:19:7-38
	android:name
		ADDED from src/main/AndroidManifest.xml:15:7-38
activity#com.tailpos.MainActivity
ADDED from src/main/AndroidManifest.xml:20:7-43:18
	android:screenOrientation
		ADDED from src/main/AndroidManifest.xml:25:9-46
	android:label
		ADDED from src/main/AndroidManifest.xml:22:9-41
	android:launchMode
		ADDED from src/main/AndroidManifest.xml:26:9-40
	android:windowSoftInputMode
		ADDED from src/main/AndroidManifest.xml:24:9-51
	android:configChanges
		ADDED from src/main/AndroidManifest.xml:23:9-79
	android:name
		ADDED from src/main/AndroidManifest.xml:21:9-37
intent-filter#android.intent.action.MAIN+android.intent.category.LAUNCHER
ADDED from src/main/AndroidManifest.xml:28:9-31:25
action#android.intent.action.MAIN
ADDED from src/main/AndroidManifest.xml:29:13-65
	android:name
		ADDED from src/main/AndroidManifest.xml:29:21-62
category#android.intent.category.LAUNCHER
ADDED from src/main/AndroidManifest.xml:30:13-73
	android:name
		ADDED from src/main/AndroidManifest.xml:30:23-70
intent-filter#android.intent.category.DEFAULT+android.nfc.action.NDEF_DISCOVERED
ADDED from src/main/AndroidManifest.xml:33:9-36:25
action#android.nfc.action.NDEF_DISCOVERED
ADDED from src/main/AndroidManifest.xml:34:11-70
	android:name
		ADDED from src/main/AndroidManifest.xml:34:19-68
category#android.intent.category.DEFAULT
ADDED from src/main/AndroidManifest.xml:35:11-69
	android:name
		ADDED from src/main/AndroidManifest.xml:35:21-67
intent-filter#android.nfc.action.TECH_DISCOVERED
ADDED from src/main/AndroidManifest.xml:38:9-40:25
action#android.nfc.action.TECH_DISCOVERED
ADDED from src/main/AndroidManifest.xml:39:11-70
	android:name
		ADDED from src/main/AndroidManifest.xml:39:19-68
meta-data#android.nfc.action.TECH_DISCOVERED
ADDED from src/main/AndroidManifest.xml:42:9-112
	android:resource
		ADDED from src/main/AndroidManifest.xml:42:70-109
	android:name
		ADDED from src/main/AndroidManifest.xml:42:20-69
meta-data#com.google.android.geo.API_KEY
ADDED from src/main/AndroidManifest.xml:44:9-46:74
	android:value
		ADDED from src/main/AndroidManifest.xml:46:17-72
	android:name
		ADDED from src/main/AndroidManifest.xml:45:17-62
activity#com.facebook.react.devsupport.DevSettingsActivity
ADDED from src/main/AndroidManifest.xml:48:7-84
	android:name
		ADDED from src/main/AndroidManifest.xml:48:17-81
uses-sdk
INJECTED from src/main/AndroidManifest.xml reason: use-sdk injection requested
MERGED from [com.android.support:multidex:1.0.1] AndroidManifest.xml:18:5-42
MERGED from [TailPOS:react-native-nfc-manager:unspecified] AndroidManifest.xml:5:5-7:41
MERGED from [TailPOS:react-native-key-event:unspecified] AndroidManifest.xml:7:5-9:41
MERGED from [TailPOS:react-native-localization:unspecified] AndroidManifest.xml:7:5-9:41
MERGED from [TailPOS:react-native-background-job:unspecified] AndroidManifest.xml:7:5-9:41
MERGED from [com.firebase:firebase-jobdispatcher:0.8.5] AndroidManifest.xml:22:5-24:41
MERGED from [TailPOS:react-native-bluetooth-status:unspecified] AndroidManifest.xml:7:5-9:41
MERGED from [TailPOS:react-native-device-info:unspecified] AndroidManifest.xml:7:5-9:41
MERGED from [com.google.android.gms:play-services-gcm:12.0.1] AndroidManifest.xml:20:5-44
MERGED from [com.google.android.gms:play-services-iid:12.0.1] AndroidManifest.xml:20:5-44
MERGED from [com.google.android.gms:play-services-iid-license:12.0.1] AndroidManifest.xml:20:5-44
MERGED from [com.google.android.gms:play-services-gcm-license:12.0.1] AndroidManifest.xml:20:5-44
MERGED from [TailPOS:react-native-splash-screen:unspecified] AndroidManifest.xml:7:5-9:41
MERGED from [TailPOS:react-native-sqlite-2:unspecified] AndroidManifest.xml:7:5-9:41
MERGED from [TailPOS:react-native-ble-manager:unspecified] AndroidManifest.xml:5:5-44
MERGED from [TailPOS:react-native-orientation:unspecified] AndroidManifest.xml:7:5-9:41
MERGED from [TailPOS:react-native-camera:unspecified] AndroidManifest.xml:7:5-9:41
MERGED from [com.android.support:exifinterface:27.1.0] AndroidManifest.xml:20:5-44
MERGED from [TailPOS:react-native-vector-icons:unspecified] AndroidManifest.xml:7:5-9:41
MERGED from [TailPOS:react-native-sound:unspecified] AndroidManifest.xml:9:5-11:41
MERGED from [TailPOS:react-native-bluetooth-serial:unspecified] AndroidManifest.xml:7:5-9:41
MERGED from [TailPOS:react-native-barcode-scanner-google:unspecified] AndroidManifest.xml:7:5-9:41
MERGED from [com.google.android.gms:play-services-vision:12.0.1] AndroidManifest.xml:5:5-44
MERGED from [com.google.android.gms:play-services-vision-common:12.0.1] AndroidManifest.xml:5:5-44
MERGED from [com.google.android.gms:play-services-base:12.0.1] AndroidManifest.xml:20:5-44
MERGED from [com.google.android.gms:play-services-tasks:12.0.1] AndroidManifest.xml:5:5-44
MERGED from [com.google.android.gms:play-services-tasks-license:12.0.1] AndroidManifest.xml:20:5-44
MERGED from [com.google.android.gms:play-services-base-license:12.0.1] AndroidManifest.xml:20:5-44
MERGED from [com.google.android.gms:play-services-basement:12.0.1] AndroidManifest.xml:20:5-44
MERGED from [com.google.android.gms:play-services-basement-license:12.0.1] AndroidManifest.xml:20:5-44
MERGED from [com.google.android.gms:play-services-vision-common-license:12.0.1] AndroidManifest.xml:20:5-44
MERGED from [com.google.android.gms:play-services-vision-license:12.0.1] AndroidManifest.xml:20:5-44
MERGED from [com.facebook.react:react-native:0.55.3] AndroidManifest.xml:7:5-9:41
MERGED from [com.android.support:appcompat-v7:23.0.1] AndroidManifest.xml:20:5-43
MERGED from [com.android.support:support-v4:27.1.0] AndroidManifest.xml:20:5-44
MERGED from [com.android.support:support-media-compat:27.1.0] AndroidManifest.xml:20:5-44
MERGED from [com.android.support:support-fragment:27.1.0] AndroidManifest.xml:20:5-44
MERGED from [com.android.support:support-core-ui:27.1.0] AndroidManifest.xml:20:5-44
MERGED from [com.android.support:support-core-utils:27.1.0] AndroidManifest.xml:20:5-44
MERGED from [com.android.support:support-compat:27.1.0] AndroidManifest.xml:20:5-44
MERGED from [android.arch.lifecycle:runtime:1.1.0] AndroidManifest.xml:20:5-44
MERGED from [android.arch.lifecycle:livedata-core:1.1.0] AndroidManifest.xml:20:5-44
MERGED from [android.arch.core:runtime:1.1.0] AndroidManifest.xml:20:5-44
MERGED from [android.arch.lifecycle:viewmodel:1.1.0] AndroidManifest.xml:20:5-44
MERGED from [com.facebook.fbui.textlayoutbuilder:textlayoutbuilder:1.0.0] AndroidManifest.xml:14:5-16:41
MERGED from [com.facebook.fresco:fresco:1.3.0] AndroidManifest.xml:5:5-7:41
MERGED from [com.facebook.fresco:drawee:1.3.0] AndroidManifest.xml:5:5-7:41
MERGED from [com.facebook.fresco:imagepipeline-okhttp3:1.3.0] AndroidManifest.xml:5:5-7:41
MERGED from [com.facebook.fresco:imagepipeline:1.3.0] AndroidManifest.xml:5:5-7:41
MERGED from [com.facebook.fresco:imagepipeline-base:1.3.0] AndroidManifest.xml:5:5-7:41
MERGED from [com.facebook.fresco:fbcore:1.3.0] AndroidManifest.xml:5:5-7:41
MERGED from [com.facebook.soloader:soloader:0.1.0] AndroidManifest.xml:2:3-70
	android:targetSdkVersion
		INJECTED from src/main/AndroidManifest.xml
		INJECTED from src/main/AndroidManifest.xml
	android:minSdkVersion
		INJECTED from src/main/AndroidManifest.xml
		INJECTED from src/main/AndroidManifest.xml
uses-feature#android.hardware.nfc
ADDED from [TailPOS:react-native-nfc-manager:unspecified] AndroidManifest.xml:11:5-13:36
	android:required
		ADDED from [TailPOS:react-native-nfc-manager:unspecified] AndroidManifest.xml:13:9-33
	android:name
		ADDED from [TailPOS:react-native-nfc-manager:unspecified] AndroidManifest.xml:12:9-44
uses-permission#android.permission.WAKE_LOCK
ADDED from [TailPOS:react-native-background-job:unspecified] AndroidManifest.xml:11:5-68
	android:name
		ADDED from [TailPOS:react-native-background-job:unspecified] AndroidManifest.xml:11:22-65
uses-permission#android.permission.RECEIVE_BOOT_COMPLETED
ADDED from [TailPOS:react-native-background-job:unspecified] AndroidManifest.xml:12:5-81
	android:name
		ADDED from [TailPOS:react-native-background-job:unspecified] AndroidManifest.xml:12:22-78
service#com.pilloxa.backgroundjob.BackgroundJob
ADDED from [TailPOS:react-native-background-job:unspecified] AndroidManifest.xml:15:9-18:72
	android:exported
		ADDED from [TailPOS:react-native-background-job:unspecified] AndroidManifest.xml:17:13-36
	android:permission
		ADDED from [TailPOS:react-native-background-job:unspecified] AndroidManifest.xml:18:13-69
	android:name
		ADDED from [TailPOS:react-native-background-job:unspecified] AndroidManifest.xml:16:13-67
service#com.pilloxa.backgroundjob.ExactJob
ADDED from [TailPOS:react-native-background-job:unspecified] AndroidManifest.xml:19:9-21:38
	android:enabled
		ADDED from [TailPOS:react-native-background-job:unspecified] AndroidManifest.xml:21:13-35
	android:name
		ADDED from [TailPOS:react-native-background-job:unspecified] AndroidManifest.xml:20:13-62
service#com.pilloxa.backgroundjob.ReactNativeEventStarter$MyHeadlessJsTaskService
ADDED from [TailPOS:react-native-background-job:unspecified] AndroidManifest.xml:22:9-24:38
	android:enabled
		ADDED from [TailPOS:react-native-background-job:unspecified] AndroidManifest.xml:24:13-35
	android:name
		ADDED from [TailPOS:react-native-background-job:unspecified] AndroidManifest.xml:23:13-101
service#com.firebase.jobdispatcher.GooglePlayReceiver
ADDED from [com.firebase:firebase-jobdispatcher:0.8.5] AndroidManifest.xml:32:9-39:19
	android:exported
		ADDED from [com.firebase:firebase-jobdispatcher:0.8.5] AndroidManifest.xml:34:13-36
	android:permission
		ADDED from [com.firebase:firebase-jobdispatcher:0.8.5] AndroidManifest.xml:35:13-93
	android:name
		ADDED from [com.firebase:firebase-jobdispatcher:0.8.5] AndroidManifest.xml:33:13-73
intent-filter#com.google.android.gms.gcm.ACTION_TASK_READY
ADDED from [com.firebase:firebase-jobdispatcher:0.8.5] AndroidManifest.xml:36:13-38:29
action#com.google.android.gms.gcm.ACTION_TASK_READY
ADDED from [com.firebase:firebase-jobdispatcher:0.8.5] AndroidManifest.xml:37:17-87
	android:name
		ADDED from [com.firebase:firebase-jobdispatcher:0.8.5] AndroidManifest.xml:37:25-84
receiver#com.learnium.RNDeviceInfo.RNDeviceReceiver
ADDED from [TailPOS:react-native-device-info:unspecified] AndroidManifest.xml:12:9-19:20
	android:enabled
		ADDED from [TailPOS:react-native-device-info:unspecified] AndroidManifest.xml:14:13-35
	android:exported
		ADDED from [TailPOS:react-native-device-info:unspecified] AndroidManifest.xml:15:13-36
	android:name
		ADDED from [TailPOS:react-native-device-info:unspecified] AndroidManifest.xml:13:13-70
intent-filter#com.android.vending.INSTALL_REFERRER
ADDED from [TailPOS:react-native-device-info:unspecified] AndroidManifest.xml:16:13-18:29
action#com.android.vending.INSTALL_REFERRER
ADDED from [TailPOS:react-native-device-info:unspecified] AndroidManifest.xml:17:17-79
	android:name
		ADDED from [TailPOS:react-native-device-info:unspecified] AndroidManifest.xml:17:25-76
uses-permission#com.google.android.c2dm.permission.RECEIVE
ADDED from [com.google.android.gms:play-services-gcm:12.0.1] AndroidManifest.xml:23:5-82
MERGED from [com.google.android.gms:play-services-iid:12.0.1] AndroidManifest.xml:23:5-82
	android:name
		ADDED from [com.google.android.gms:play-services-gcm:12.0.1] AndroidManifest.xml:23:22-79
uses-feature#android.hardware.bluetooth_le
ADDED from [TailPOS:react-native-ble-manager:unspecified] AndroidManifest.xml:11:5-13:35
	android:required
		ADDED from [TailPOS:react-native-ble-manager:unspecified] AndroidManifest.xml:13:9-32
	android:name
		ADDED from [TailPOS:react-native-ble-manager:unspecified] AndroidManifest.xml:12:9-53
uses-permission#android.permission.CAMERA
ADDED from [TailPOS:react-native-camera:unspecified] AndroidManifest.xml:11:5-65
MERGED from [TailPOS:react-native-barcode-scanner-google:unspecified] AndroidManifest.xml:11:5-65
	android:name
		ADDED from [TailPOS:react-native-camera:unspecified] AndroidManifest.xml:11:22-62
uses-feature#android.hardware.camera
ADDED from [TailPOS:react-native-camera:unspecified] AndroidManifest.xml:13:5-15:36
	android:required
		ADDED from [TailPOS:react-native-camera:unspecified] AndroidManifest.xml:15:9-33
	android:name
		ADDED from [TailPOS:react-native-camera:unspecified] AndroidManifest.xml:14:9-47
uses-feature#android.hardware.camera.autofocus
ADDED from [TailPOS:react-native-camera:unspecified] AndroidManifest.xml:16:5-18:36
	android:required
		ADDED from [TailPOS:react-native-camera:unspecified] AndroidManifest.xml:18:9-33
	android:name
		ADDED from [TailPOS:react-native-camera:unspecified] AndroidManifest.xml:17:9-57
meta-data#com.google.android.gms.vision.DEPENDENCIES
ADDED from [TailPOS:react-native-barcode-scanner-google:unspecified] AndroidManifest.xml:14:9-16:39
	android:value
		ADDED from [TailPOS:react-native-barcode-scanner-google:unspecified] AndroidManifest.xml:16:13-36
	android:name
		ADDED from [TailPOS:react-native-barcode-scanner-google:unspecified] AndroidManifest.xml:15:13-70
activity#com.google.android.gms.common.api.GoogleApiActivity
ADDED from [com.google.android.gms:play-services-base:12.0.1] AndroidManifest.xml:23:9-26:75
	android:exported
		ADDED from [com.google.android.gms:play-services-base:12.0.1] AndroidManifest.xml:25:13-37
	android:theme
		ADDED from [com.google.android.gms:play-services-base:12.0.1] AndroidManifest.xml:26:13-72
	android:name
		ADDED from [com.google.android.gms:play-services-base:12.0.1] AndroidManifest.xml:24:13-79
meta-data#com.google.android.gms.version
ADDED from [com.google.android.gms:play-services-basement:12.0.1] AndroidManifest.xml:23:9-25:69
	android:value
		ADDED from [com.google.android.gms:play-services-basement:12.0.1] AndroidManifest.xml:25:13-66
	android:name
		ADDED from [com.google.android.gms:play-services-basement:12.0.1] AndroidManifest.xml:24:13-58
android:uses-permission#android.permission.READ_PHONE_STATE
IMPLIED from src/main/AndroidManifest.xml:1:1-51:12 reason: org.webkit.android_jsc has a targetSdkVersion < 4